<?xml version="1.0" encoding="UTF-8"?>
<!-- Generated by org.testng.reporters.JUnitReportReporter -->
<testsuite hostname="Rugmas-MacBook-Pro.local" failures="0" tests="1" name="com.CRM.TestCase.LoginPageTestCase" time="0.816" errors="0" timestamp="2025-10-25T13:32:18 IST" skipped="0">
  <testcase classname="com.CRM.TestCase.LoginPageTestCase" name="validateLogin" time="0.816"/>
</testsuite> <!-- com.CRM.TestCase.LoginPageTestCase -->
