<?xml version="1.0" encoding="UTF-8"?>
<!-- Generated by org.testng.reporters.JUnitReportReporter -->
<testsuite hostname="Rugmas-MacBook-Pro.local" failures="0" tests="1" name="com.CRM.TestCase.LoginPageTestCase" time="0.613" errors="0" timestamp="2025-10-21T01:34:21 IST" skipped="0">
  <testcase classname="com.CRM.TestCase.LoginPageTestCase" name="validateLogin" time="0.613"/>
</testsuite> <!-- com.CRM.TestCase.LoginPageTestCase -->
